0 info it worked if it ends with ok
1 verbose cli [ '/usr/local/bin/node',
1 verbose cli   '/usr/local/bin/npm',
1 verbose cli   'install',
1 verbose cli   '--save',
1 verbose cli   'sas-loader',
1 verbose cli   'node-sass' ]
2 info using npm@4.1.2
3 info using node@v7.6.0
4 silly loadCurrentTree Starting
5 silly install loadCurrentTree
6 silly install readLocalPackageData
7 silly fetchPackageMetaData sas-loader
8 silly fetchPackageMetaData node-sass
9 silly fetchNamedPackageData sas-loader
10 silly mapToRegistry name sas-loader
11 silly mapToRegistry using default registry
12 silly mapToRegistry registry https://registry.npmjs.org/
13 silly mapToRegistry data Result {
13 silly mapToRegistry   raw: 'sas-loader',
13 silly mapToRegistry   scope: null,
13 silly mapToRegistry   escapedName: 'sas-loader',
13 silly mapToRegistry   name: 'sas-loader',
13 silly mapToRegistry   rawSpec: '',
13 silly mapToRegistry   spec: 'latest',
13 silly mapToRegistry   type: 'tag' }
14 silly mapToRegistry uri https://registry.npmjs.org/sas-loader
15 silly fetchNamedPackageData node-sass
16 silly mapToRegistry name node-sass
17 silly mapToRegistry using default registry
18 silly mapToRegistry registry https://registry.npmjs.org/
19 silly mapToRegistry data Result {
19 silly mapToRegistry   raw: 'node-sass',
19 silly mapToRegistry   scope: null,
19 silly mapToRegistry   escapedName: 'node-sass',
19 silly mapToRegistry   name: 'node-sass',
19 silly mapToRegistry   rawSpec: '',
19 silly mapToRegistry   spec: 'latest',
19 silly mapToRegistry   type: 'tag' }
20 silly mapToRegistry uri https://registry.npmjs.org/node-sass
21 verbose request uri https://registry.npmjs.org/sas-loader
22 verbose request no auth needed
23 info attempt registry request try #1 at 9:55:49 AM
24 verbose request id ccca17d6d6527423
25 http request GET https://registry.npmjs.org/sas-loader
26 verbose request uri https://registry.npmjs.org/node-sass
27 verbose request no auth needed
28 info attempt registry request try #1 at 9:55:49 AM
29 verbose etag W/"58fdc3db-3ca69"
30 verbose lastModified Mon, 24 Apr 2017 09:22:35 GMT
31 http request GET https://registry.npmjs.org/node-sass
32 http 404 https://registry.npmjs.org/sas-loader
33 verbose headers { 'content-type': 'application/json',
33 verbose headers   'cache-control': 'max-age=0',
33 verbose headers   'content-length': '2',
33 verbose headers   'accept-ranges': 'bytes',
33 verbose headers   date: 'Thu, 25 May 2017 16:55:50 GMT',
33 verbose headers   via: '1.1 varnish',
33 verbose headers   age: '0',
33 verbose headers   connection: 'keep-alive',
33 verbose headers   'x-served-by': 'cache-sjc3623-SJC',
33 verbose headers   'x-cache': 'MISS',
33 verbose headers   'x-cache-hits': '0',
33 verbose headers   'x-timer': 'S1495731350.218426,VS0,VE139',
33 verbose headers   vary: 'Accept-Encoding' }
34 silly get cb [ 404,
34 silly get   { 'content-type': 'application/json',
34 silly get     'cache-control': 'max-age=0',
34 silly get     'content-length': '2',
34 silly get     'accept-ranges': 'bytes',
34 silly get     date: 'Thu, 25 May 2017 16:55:50 GMT',
34 silly get     via: '1.1 varnish',
34 silly get     age: '0',
34 silly get     connection: 'keep-alive',
34 silly get     'x-served-by': 'cache-sjc3623-SJC',
34 silly get     'x-cache': 'MISS',
34 silly get     'x-cache-hits': '0',
34 silly get     'x-timer': 'S1495731350.218426,VS0,VE139',
34 silly get     vary: 'Accept-Encoding' } ]
35 silly fetchPackageMetaData Error: Registry returned 404 for GET on https://registry.npmjs.org/sas-loader
35 silly fetchPackageMetaData     at makeError (/usr/local/lib/node_modules/npm/node_modules/npm-registry-client/lib/request.js:304:12)
35 silly fetchPackageMetaData     at CachingRegistryClient.<anonymous> (/usr/local/lib/node_modules/npm/node_modules/npm-registry-client/lib/request.js:282:14)
35 silly fetchPackageMetaData     at Request._callback (/usr/local/lib/node_modules/npm/node_modules/npm-registry-client/lib/request.js:212:14)
35 silly fetchPackageMetaData     at Request.self.callback (/usr/local/lib/node_modules/npm/node_modules/request/request.js:186:22)
35 silly fetchPackageMetaData     at emitTwo (events.js:106:13)
35 silly fetchPackageMetaData     at Request.emit (events.js:192:7)
35 silly fetchPackageMetaData     at Request.<anonymous> (/usr/local/lib/node_modules/npm/node_modules/request/request.js:1081:10)
35 silly fetchPackageMetaData     at emitOne (events.js:96:13)
35 silly fetchPackageMetaData     at Request.emit (events.js:189:7)
35 silly fetchPackageMetaData     at IncomingMessage.<anonymous> (/usr/local/lib/node_modules/npm/node_modules/request/request.js:1001:12)
35 silly fetchPackageMetaData  error for sas-loader { Error: Registry returned 404 for GET on https://registry.npmjs.org/sas-loader
35 silly fetchPackageMetaData     at makeError (/usr/local/lib/node_modules/npm/node_modules/npm-registry-client/lib/request.js:304:12)
35 silly fetchPackageMetaData     at CachingRegistryClient.<anonymous> (/usr/local/lib/node_modules/npm/node_modules/npm-registry-client/lib/request.js:282:14)
35 silly fetchPackageMetaData     at Request._callback (/usr/local/lib/node_modules/npm/node_modules/npm-registry-client/lib/request.js:212:14)
35 silly fetchPackageMetaData     at Request.self.callback (/usr/local/lib/node_modules/npm/node_modules/request/request.js:186:22)
35 silly fetchPackageMetaData     at emitTwo (events.js:106:13)
35 silly fetchPackageMetaData     at Request.emit (events.js:192:7)
35 silly fetchPackageMetaData     at Request.<anonymous> (/usr/local/lib/node_modules/npm/node_modules/request/request.js:1081:10)
35 silly fetchPackageMetaData     at emitOne (events.js:96:13)
35 silly fetchPackageMetaData     at Request.emit (events.js:189:7)
35 silly fetchPackageMetaData     at IncomingMessage.<anonymous> (/usr/local/lib/node_modules/npm/node_modules/request/request.js:1001:12) pkgid: 'sas-loader', statusCode: 404, code: 'E404' }
36 http 200 https://registry.npmjs.org/node-sass
37 verbose headers { server: 'nginx/1.10.1',
37 verbose headers   'content-type': 'application/json',
37 verbose headers   'last-modified': 'Fri, 19 May 2017 15:47:34 GMT',
37 verbose headers   etag: 'W/"591f1396-3d4a5"',
37 verbose headers   'content-encoding': 'gzip',
37 verbose headers   'cache-control': 'max-age=300',
37 verbose headers   'content-length': '24491',
37 verbose headers   'accept-ranges': 'bytes',
37 verbose headers   date: 'Thu, 25 May 2017 16:55:50 GMT',
37 verbose headers   via: '1.1 varnish',
37 verbose headers   age: '68',
37 verbose headers   connection: 'keep-alive',
37 verbose headers   'x-served-by': 'cache-sjc3134-SJC',
37 verbose headers   'x-cache': 'HIT',
37 verbose headers   'x-cache-hits': '1',
37 verbose headers   'x-timer': 'S1495731350.214163,VS0,VE0',
37 verbose headers   vary: 'Accept-Encoding' }
38 silly get cb [ 200,
38 silly get   { server: 'nginx/1.10.1',
38 silly get     'content-type': 'application/json',
38 silly get     'last-modified': 'Fri, 19 May 2017 15:47:34 GMT',
38 silly get     etag: 'W/"591f1396-3d4a5"',
38 silly get     'content-encoding': 'gzip',
38 silly get     'cache-control': 'max-age=300',
38 silly get     'content-length': '24491',
38 silly get     'accept-ranges': 'bytes',
38 silly get     date: 'Thu, 25 May 2017 16:55:50 GMT',
38 silly get     via: '1.1 varnish',
38 silly get     age: '68',
38 silly get     connection: 'keep-alive',
38 silly get     'x-served-by': 'cache-sjc3134-SJC',
38 silly get     'x-cache': 'HIT',
38 silly get     'x-cache-hits': '1',
38 silly get     'x-timer': 'S1495731350.214163,VS0,VE0',
38 silly get     vary: 'Accept-Encoding' } ]
39 verbose get saving node-sass to /home/isaac/.npm/registry.npmjs.org/node-sass/.cache.json
40 verbose correctMkdir /home/isaac/.npm correctMkdir not in flight; initializing
41 silly rollbackFailedOptional Starting
42 silly rollbackFailedOptional Finishing
43 silly runTopLevelLifecycles Finishing
44 silly install printInstalled
45 verbose stack Error: Registry returned 404 for GET on https://registry.npmjs.org/sas-loader
45 verbose stack     at makeError (/usr/local/lib/node_modules/npm/node_modules/npm-registry-client/lib/request.js:304:12)
45 verbose stack     at CachingRegistryClient.<anonymous> (/usr/local/lib/node_modules/npm/node_modules/npm-registry-client/lib/request.js:282:14)
45 verbose stack     at Request._callback (/usr/local/lib/node_modules/npm/node_modules/npm-registry-client/lib/request.js:212:14)
45 verbose stack     at Request.self.callback (/usr/local/lib/node_modules/npm/node_modules/request/request.js:186:22)
45 verbose stack     at emitTwo (events.js:106:13)
45 verbose stack     at Request.emit (events.js:192:7)
45 verbose stack     at Request.<anonymous> (/usr/local/lib/node_modules/npm/node_modules/request/request.js:1081:10)
45 verbose stack     at emitOne (events.js:96:13)
45 verbose stack     at Request.emit (events.js:189:7)
45 verbose stack     at IncomingMessage.<anonymous> (/usr/local/lib/node_modules/npm/node_modules/request/request.js:1001:12)
46 verbose statusCode 404
47 verbose pkgid sas-loader
48 verbose cwd /home/isaac/git/LeafletServer/LeafletRendererWebpack
49 error Linux 4.9.0-2-amd64
50 error argv "/usr/local/bin/node" "/usr/local/bin/npm" "install" "--save" "sas-loader" "node-sass"
51 error node v7.6.0
52 error npm  v4.1.2
53 error code E404
54 error 404 Registry returned 404 for GET on https://registry.npmjs.org/sas-loader
55 error 404
56 error 404 'sas-loader' is not in the npm registry.
57 error 404 You should bug the author to publish it (or use the name yourself!)
58 error 404 Note that you can also install from a
59 error 404 tarball, folder, http url, or git url.
60 verbose exit [ 1, true ]
